Using pre-set license
Built from '2020.3/release' branch; Version is '2020.3.12f1 (b3b2c6512326) revision 11776710'; Using compiler version '192528614'; Build Type 'Release'
OS: 'Windows 10 Home; OS build 18363.1016; Version 1909; 64bit' Language: 'es' Physical Memory: 7945 MB
BatchMode: 1, IsHumanControllingUs: 0, StartBugReporterOnCrash: 0, Is64bit: 1, IsPro: 0

 COMMAND LINE ARGUMENTS:
C:\Program Files\Unity\Hub\Editor\2020.3.12f1\Editor\Unity.exe
-adb2
-batchMode
-noUpm
-name
AssetImportWorker0
-projectPath
C:/Users/Usuario/Desktop/SpaceInvader-/SpaceInvader unityhub
-logFile
Logs/AssetImportWorker0.log
-srvPort
64615
Successfully changed project path to: C:/Users/Usuario/Desktop/SpaceInvader-/SpaceInvader unityhub
C:/Users/Usuario/Desktop/SpaceInvader-/SpaceInvader unityhub
Using Asset Import Pipeline V2.
Refreshing native plugins compatible for Editor in 113.21 ms, found 2 plugins.
Preloading 0 native plugins for Editor in 0.00 ms.
Initialize engine version: 2020.3.12f1 (b3b2c6512326)
[Subsystems] Discovering subsystems at path C:/Program Files/Unity/Hub/Editor/2020.3.12f1/Editor/Data/Resources/UnitySubsystems
[Subsystems] Discovering subsystems at path C:/Users/Usuario/Desktop/SpaceInvader-/SpaceInvader unityhub/Assets
GfxDevice: creating device client; threaded=0
Direct3D:
    Version:  Direct3D 11.0 [level 11.1]
    Renderer: Intel(R) UHD Graphics (ID=0x8a56)
    Vendor:   
    VRAM:     3972 MB
    Driver:   26.20.100.7926
Initialize mono
Mono path[0] = 'C:/Program Files/Unity/Hub/Editor/2020.3.12f1/Editor/Data/Managed'
Mono path[1] = 'C:/Program Files/Unity/Hub/Editor/2020.3.12f1/Editor/Data/MonoBleedingEdge/lib/mono/unityjit'
Mono config path = 'C:/Program Files/Unity/Hub/Editor/2020.3.12f1/Editor/Data/MonoBleedingEdge/etc'
Using monoOptions --debugger-agent=transport=dt_socket,embedding=1,server=y,suspend=n,address=127.0.0.1:56252
Begin MonoManager ReloadAssembly
Registering precompiled unity dll's ...
Register platform support module: C:/Program Files/Unity/Hub/Editor/2020.3.12f1/Editor/Data/PlaybackEngines/WindowsStandaloneSupport/UnityEditor.WindowsStandalone.Extensions.dll
Registered in 0.003839 seconds.
Native extension for WindowsStandalone target not found
Refreshing native plugins compatible for Editor in 99.66 ms, found 2 plugins.
Preloading 0 native plugins for Editor in 0.00 ms.
Mono: successfully reloaded assembly
- Completed reload, in  2.599 seconds
Platform modules already initialized, skipping
Registering precompiled user dll's ...
Registered in 0.006843 seconds.
Begin MonoManager ReloadAssembly
Native extension for WindowsStandalone target not found
Refreshing native plugins compatible for Editor in 0.60 ms, found 2 plugins.
Preloading 0 native plugins for Editor in 0.00 ms.
Mono: successfully reloaded assembly
- Completed reload, in  2.240 seconds
Platform modules already initialized, skipping
========================================================================
Worker process is ready to serve import requests
Launched and connected shader compiler UnityShaderCompiler.exe after 0.12 seconds
Refreshing native plugins compatible for Editor in 0.93 ms, found 2 plugins.
Preloading 0 native plugins for Editor in 0.00 ms.
Unloading 1532 Unused Serialized files (Serialized files now loaded: 0)
System memory in use before: 76.7 MB.
System memory in use after: 76.8 MB.

Unloading 16 unused Assets to reduce memory usage. Loaded Objects now: 1969.
Total: 5.916900 ms (FindLiveObjects: 0.455200 ms CreateObjectMapping: 0.171500 ms MarkObjects: 5.145700 ms  DeleteObjects: 0.141500 ms)

AssetImportParameters requested are different than current active one (requested -> active):
  custom:framework-win-MediaFoundation: 216162199b28c13a410421893ffa2e32 -> 
  custom:video-decoder-ogg-theora: a1e56fd34408186e4bbccfd4996cb3dc -> 
  custom:container-muxer-webm: aa71ff27fc2769a1b78a27578f13a17b -> 
  custom:container-demuxer-webm: 4f35f7cbe854078d1ac9338744f61a02 -> 
  custom:container-demuxer-ogg: 62fdf1f143b41e24485cea50d1cbac27 -> 
  custom:video-encoder-webm-vp8: eb34c28f22e8b96e1ab97ce403110664 -> 
  custom:video-decoder-webm-vp8: 9c59270c3fd7afecdb556c50c9e8de78 -> 
  custom:audio-decoder-ogg-vorbis: bf7c407c2cedff20999df2af8eb42d56 -> 
  custom:audio-encoder-webm-vorbis: bf7c407c2cedff20999df2af8eb42d56 -> 
========================================================================
Received Import Request.
  path: Assets/Scripts/GameController.cs
  artifactKey: Guid(723a029cf2fc5a844a9168c031b69c33) Importer(815301076,1909f56bfc062723c751e8b465ee728b)
Start importing Assets/Scripts/GameController.cs using Guid(723a029cf2fc5a844a9168c031b69c33) Importer(815301076,1909f56bfc062723c751e8b465ee728b)  -> (artifact id: '13474d5db9d58271d50971961497e36d') in 0.065149 seconds 
  Import took 0.073839 seconds .

========================================================================
Received Prepare
Registering precompiled user dll's ...
Registered in 0.008907 seconds.
Begin MonoManager ReloadAssembly
Native extension for WindowsStandalone target not found
Refreshing native plugins compatible for Editor in 0.69 ms, found 2 plugins.
Preloading 0 native plugins for Editor in 0.00 ms.
Mono: successfully reloaded assembly
- Completed reload, in  2.020 seconds
Platform modules already initialized, skipping
Refreshing native plugins compatible for Editor in 0.61 ms, found 2 plugins.
Preloading 0 native plugins for Editor in 0.00 ms.
Unloading 1486 Unused Serialized files (Serialized files now loaded: 0)
System memory in use before: 72.6 MB.
System memory in use after: 72.7 MB.

Unloading 11 unused Assets to reduce memory usage. Loaded Objects now: 1971.
Total: 5.753100 ms (FindLiveObjects: 0.253600 ms CreateObjectMapping: 0.081200 ms MarkObjects: 5.362300 ms  DeleteObjects: 0.053600 ms)

AssetImportParameters requested are different than current active one (requested -> active):
  custom:framework-win-MediaFoundation: 216162199b28c13a410421893ffa2e32 -> 
  custom:video-decoder-ogg-theora: a1e56fd34408186e4bbccfd4996cb3dc -> 
  custom:container-muxer-webm: aa71ff27fc2769a1b78a27578f13a17b -> 
  custom:container-demuxer-webm: 4f35f7cbe854078d1ac9338744f61a02 -> 
  custom:container-demuxer-ogg: 62fdf1f143b41e24485cea50d1cbac27 -> 
  custom:video-encoder-webm-vp8: eb34c28f22e8b96e1ab97ce403110664 -> 
  custom:video-decoder-webm-vp8: 9c59270c3fd7afecdb556c50c9e8de78 -> 
  custom:audio-decoder-ogg-vorbis: bf7c407c2cedff20999df2af8eb42d56 -> 
  custom:audio-encoder-webm-vorbis: bf7c407c2cedff20999df2af8eb42d56 -> 
========================================================================
Received Prepare
Registering precompiled user dll's ...
Registered in 0.006176 seconds.
Begin MonoManager ReloadAssembly
Native extension for WindowsStandalone target not found
Refreshing native plugins compatible for Editor in 0.74 ms, found 2 plugins.
Preloading 0 native plugins for Editor in 0.00 ms.
Mono: successfully reloaded assembly
- Completed reload, in  2.677 seconds
Platform modules already initialized, skipping
Refreshing native plugins compatible for Editor in 0.79 ms, found 2 plugins.
Preloading 0 native plugins for Editor in 0.00 ms.
Unloading 1486 Unused Serialized files (Serialized files now loaded: 0)
System memory in use before: 72.7 MB.
System memory in use after: 72.8 MB.

Unloading 11 unused Assets to reduce memory usage. Loaded Objects now: 1973.
Total: 4.104100 ms (FindLiveObjects: 0.314400 ms CreateObjectMapping: 0.084600 ms MarkObjects: 3.658100 ms  DeleteObjects: 0.044800 ms)

AssetImportParameters requested are different than current active one (requested -> active):
  custom:framework-win-MediaFoundation: 216162199b28c13a410421893ffa2e32 -> 
  custom:video-decoder-ogg-theora: a1e56fd34408186e4bbccfd4996cb3dc -> 
  custom:container-muxer-webm: aa71ff27fc2769a1b78a27578f13a17b -> 
  custom:container-demuxer-webm: 4f35f7cbe854078d1ac9338744f61a02 -> 
  custom:container-demuxer-ogg: 62fdf1f143b41e24485cea50d1cbac27 -> 
  custom:video-encoder-webm-vp8: eb34c28f22e8b96e1ab97ce403110664 -> 
  custom:video-decoder-webm-vp8: 9c59270c3fd7afecdb556c50c9e8de78 -> 
  custom:audio-decoder-ogg-vorbis: bf7c407c2cedff20999df2af8eb42d56 -> 
  custom:audio-encoder-webm-vorbis: bf7c407c2cedff20999df2af8eb42d56 -> 
========================================================================
Received Prepare
Registering precompiled user dll's ...
Registered in 0.007433 seconds.
Begin MonoManager ReloadAssembly
Native extension for WindowsStandalone target not found
Refreshing native plugins compatible for Editor in 0.70 ms, found 2 plugins.
Preloading 0 native plugins for Editor in 0.00 ms.
Mono: successfully reloaded assembly
- Completed reload, in  2.665 seconds
Platform modules already initialized, skipping
Refreshing native plugins compatible for Editor in 0.65 ms, found 2 plugins.
Preloading 0 native plugins for Editor in 0.00 ms.
Unloading 1486 Unused Serialized files (Serialized files now loaded: 0)
System memory in use before: 72.7 MB.
System memory in use after: 72.8 MB.

Unloading 11 unused Assets to reduce memory usage. Loaded Objects now: 1975.
Total: 4.083400 ms (FindLiveObjects: 0.287200 ms CreateObjectMapping: 0.137800 ms MarkObjects: 3.609600 ms  DeleteObjects: 0.046300 ms)

AssetImportParameters requested are different than current active one (requested -> active):
  custom:framework-win-MediaFoundation: 216162199b28c13a410421893ffa2e32 -> 
  custom:video-decoder-ogg-theora: a1e56fd34408186e4bbccfd4996cb3dc -> 
  custom:container-muxer-webm: aa71ff27fc2769a1b78a27578f13a17b -> 
  custom:container-demuxer-webm: 4f35f7cbe854078d1ac9338744f61a02 -> 
  custom:container-demuxer-ogg: 62fdf1f143b41e24485cea50d1cbac27 -> 
  custom:video-encoder-webm-vp8: eb34c28f22e8b96e1ab97ce403110664 -> 
  custom:video-decoder-webm-vp8: 9c59270c3fd7afecdb556c50c9e8de78 -> 
  custom:audio-decoder-ogg-vorbis: bf7c407c2cedff20999df2af8eb42d56 -> 
  custom:audio-encoder-webm-vorbis: bf7c407c2cedff20999df2af8eb42d56 -> 
========================================================================
Received Import Request.
  Time since last request: 1437.285172 seconds.
  path: Assets
  artifactKey: Guid(00000000000000001000000000000000) Importer(815301076,1909f56bfc062723c751e8b465ee728b)
Start importing Assets using Guid(00000000000000001000000000000000) Importer(815301076,1909f56bfc062723c751e8b465ee728b)  -> (artifact id: '42d402b061de3733987d63b9cc3b64de') in 0.014896 seconds 
  Import took 0.026610 seconds .

========================================================================
Received Import Request.
  Time since last request: 12.002112 seconds.
  path: Assets/imagenes
  artifactKey: Guid(10a1345b402378e49929bbb2eb0db973) Importer(815301076,1909f56bfc062723c751e8b465ee728b)
Start importing Assets/imagenes using Guid(10a1345b402378e49929bbb2eb0db973) Importer(815301076,1909f56bfc062723c751e8b465ee728b)  -> (artifact id: '46c4bb568e8dcdfd9530bb2a792e131c') in 0.006771 seconds 
  Import took 0.012920 seconds .

========================================================================
Received Import Request.
  Time since last request: 15.056520 seconds.
  path: Assets/imagenes/a94d912207c13c6aa4a167e2da3268c6.jpg
  artifactKey: Guid(164575fb78fdad64cb2bb5555c547dc2) Importer(815301076,1909f56bfc062723c751e8b465ee728b)
Start importing Assets/imagenes/a94d912207c13c6aa4a167e2da3268c6.jpg using Guid(164575fb78fdad64cb2bb5555c547dc2) Importer(815301076,1909f56bfc062723c751e8b465ee728b)  -> (artifact id: '29ef7963da9741e0412a72763c79b0c7') in 0.190668 seconds 
  Import took 0.198502 seconds .

========================================================================
Received Import Request.
  Time since last request: 0.000653 seconds.
  path: Assets/imagenes/nave esacial.jpg
  artifactKey: Guid(9efaeb3782427cd49880eb52f6b9aab4) Importer(815301076,1909f56bfc062723c751e8b465ee728b)
Start importing Assets/imagenes/nave esacial.jpg using Guid(9efaeb3782427cd49880eb52f6b9aab4) Importer(815301076,1909f56bfc062723c751e8b465ee728b)  -> (artifact id: '7c26d7e0682e50d27e13e0876639e792') in 0.027135 seconds 
  Import took 0.038752 seconds .

========================================================================
Received Import Request.
  Time since last request: 0.000521 seconds.
  path: Assets/imagenes/fondo.jpg
  artifactKey: Guid(0cbc57c51c3fedd40890d4d8be228110) Importer(815301076,1909f56bfc062723c751e8b465ee728b)
Start importing Assets/imagenes/fondo.jpg using Guid(0cbc57c51c3fedd40890d4d8be228110) Importer(815301076,1909f56bfc062723c751e8b465ee728b)  -> (artifact id: '473fbef041e31e69122dfa0ea3b362ec') in 0.018482 seconds 
  Import took 0.029741 seconds .

========================================================================
Received Import Request.
  Time since last request: 5.705352 seconds.
  path: Assets/imagenes/a94d912207c13c6aa4a167e2da3268c6.jpg
  artifactKey: Guid(164575fb78fdad64cb2bb5555c547dc2) Importer(815301076,1909f56bfc062723c751e8b465ee728b)
Start importing Assets/imagenes/a94d912207c13c6aa4a167e2da3268c6.jpg using Guid(164575fb78fdad64cb2bb5555c547dc2) Importer(815301076,1909f56bfc062723c751e8b465ee728b)  -> (artifact id: '6f7bb91baded879d86b01ada99a160f2') in 0.130472 seconds 
  Import took 0.138285 seconds .

========================================================================
Received Import Request.
  Time since last request: 4.467828 seconds.
  path: Assets/imagenes/fondo.jpg
  artifactKey: Guid(0cbc57c51c3fedd40890d4d8be228110) Importer(815301076,1909f56bfc062723c751e8b465ee728b)
Start importing Assets/imagenes/fondo.jpg using Guid(0cbc57c51c3fedd40890d4d8be228110) Importer(815301076,1909f56bfc062723c751e8b465ee728b)  -> (artifact id: '8bf9106d1f3494bbcc1d03582dc53dbd') in 0.032514 seconds 
  Import took 0.043821 seconds .

========================================================================
Received Import Request.
  Time since last request: 4.429212 seconds.
  path: Assets/imagenes/nave esacial.jpg
  artifactKey: Guid(9efaeb3782427cd49880eb52f6b9aab4) Importer(815301076,1909f56bfc062723c751e8b465ee728b)
Start importing Assets/imagenes/nave esacial.jpg using Guid(9efaeb3782427cd49880eb52f6b9aab4) Importer(815301076,1909f56bfc062723c751e8b465ee728b)  -> (artifact id: 'e70770e9cd03632d604d67bddeb69b8c') in 0.026962 seconds 
  Import took 0.034225 seconds .

========================================================================
Received Import Request.
  Time since last request: 810.903207 seconds.
  path: Assets/Iconos/White/2x/arrowDown.png
  artifactKey: Guid(8e2eb46345776684fab66e1f4752e8e7) Importer(815301076,1909f56bfc062723c751e8b465ee728b)
Start importing Assets/Iconos/White/2x/arrowDown.png using Guid(8e2eb46345776684fab66e1f4752e8e7) Importer(815301076,1909f56bfc062723c751e8b465ee728b)  -> (artifact id: '23bdb7bc54bd78f2608f3d6a8f94e03c') in 0.050928 seconds 
  Import took 0.061295 seconds .

========================================================================
Received Import Request.
  Time since last request: 0.000730 seconds.
  path: Assets/Iconos/White/2x/arrowRight.png
  artifactKey: Guid(31b5ace1a177e31448e4053ba0c94b57) Importer(815301076,1909f56bfc062723c751e8b465ee728b)
Start importing Assets/Iconos/White/2x/arrowRight.png using Guid(31b5ace1a177e31448e4053ba0c94b57) Importer(815301076,1909f56bfc062723c751e8b465ee728b)  -> (artifact id: '1c032e112f4bf4787f7832a7f5c8a5e6') in 0.020230 seconds 
  Import took 0.028178 seconds .

========================================================================
Received Import Request.
  Time since last request: 0.000835 seconds.
  path: Assets/Iconos/Black/1x/arrowUp.png
  artifactKey: Guid(b87abc321b5a07048844e55ac226fd59) Importer(815301076,1909f56bfc062723c751e8b465ee728b)
Start importing Assets/Iconos/Black/1x/arrowUp.png using Guid(b87abc321b5a07048844e55ac226fd59) Importer(815301076,1909f56bfc062723c751e8b465ee728b)  -> (artifact id: '0eeca0607e1ec567243fef2a67f6c34b') in 0.018492 seconds 
  Import took 0.027844 seconds .

========================================================================
Received Import Request.
  Time since last request: 0.000729 seconds.
  path: Assets/Iconos/White/2x/audioOn.png
  artifactKey: Guid(07ac75919e200de4b8cb0b8e69514622) Importer(815301076,1909f56bfc062723c751e8b465ee728b)
Start importing Assets/Iconos/White/2x/audioOn.png using Guid(07ac75919e200de4b8cb0b8e69514622) Importer(815301076,1909f56bfc062723c751e8b465ee728b)  -> (artifact id: 'b846d8b9682add4deac63bf1d8597b60') in 0.023422 seconds 
  Import took 0.030680 seconds .

========================================================================
Received Import Request.
  Time since last request: 0.000465 seconds.
  path: Assets/Iconos/Black/2x/arrowLeft.png
  artifactKey: Guid(ce56e361807567741954fdd45fb654b8) Importer(815301076,1909f56bfc062723c751e8b465ee728b)
Start importing Assets/Iconos/Black/2x/arrowLeft.png using Guid(ce56e361807567741954fdd45fb654b8) Importer(815301076,1909f56bfc062723c751e8b465ee728b)  -> (artifact id: 'a6f41c3c4af9444ddbe4a49bb6071d99') in 0.016591 seconds 
  Import took 0.024597 seconds .

========================================================================
Received Import Request.
  Time since last request: 0.000909 seconds.
  path: Assets/Iconos/White/2x/arrowUp.png
  artifactKey: Guid(8237698a75ca93141b782af9e40d965c) Importer(815301076,1909f56bfc062723c751e8b465ee728b)
Start importing Assets/Iconos/White/2x/arrowUp.png using Guid(8237698a75ca93141b782af9e40d965c) Importer(815301076,1909f56bfc062723c751e8b465ee728b)  -> (artifact id: 'eecfe2a0b086e091ce60f586c9e2a647') in 0.021344 seconds 
  Import took 0.028541 seconds .

========================================================================
Received Import Request.
  Time since last request: 0.000512 seconds.
  path: Assets/Iconos/Black/1x/arrowDown.png
  artifactKey: Guid(a1d580a099e72bb4cbfefe5e06f97118) Importer(815301076,1909f56bfc062723c751e8b465ee728b)
Start importing Assets/Iconos/Black/1x/arrowDown.png using Guid(a1d580a099e72bb4cbfefe5e06f97118) Importer(815301076,1909f56bfc062723c751e8b465ee728b)  -> (artifact id: 'fc5cca3d6a7bd4783e2f803ac75b8c0e') in 0.013059 seconds 
  Import took 0.020214 seconds .

========================================================================
Received Import Request.
  Time since last request: 0.000886 seconds.
  path: Assets/Iconos/Black/2x/arrowRight.png
  artifactKey: Guid(7299b2b776f155f449d403897f5b260e) Importer(815301076,1909f56bfc062723c751e8b465ee728b)
Start importing Assets/Iconos/Black/2x/arrowRight.png using Guid(7299b2b776f155f449d403897f5b260e) Importer(815301076,1909f56bfc062723c751e8b465ee728b)  -> (artifact id: 'b8d0204d6e90a9ca91e3b57668485f87') in 0.011251 seconds 
  Import took 0.018040 seconds .

========================================================================
Received Import Request.
  Time since last request: 0.000585 seconds.
  path: Assets/Iconos/Black/1x/arrowRight.png
  artifactKey: Guid(3a730e777820b59459b3abc9ed3ba444) Importer(815301076,1909f56bfc062723c751e8b465ee728b)
Start importing Assets/Iconos/Black/1x/arrowRight.png using Guid(3a730e777820b59459b3abc9ed3ba444) Importer(815301076,1909f56bfc062723c751e8b465ee728b)  -> (artifact id: '6cd906dde887c453c644aac46e04d8da') in 0.015667 seconds 
  Import took 0.023944 seconds .

========================================================================
Received Import Request.
  Time since last request: 0.000771 seconds.
  path: Assets/Iconos/Black/2x/arrowDown.png
  artifactKey: Guid(4c9404a9380956c43ba830eb2b94d82b) Importer(815301076,1909f56bfc062723c751e8b465ee728b)
Start importing Assets/Iconos/Black/2x/arrowDown.png using Guid(4c9404a9380956c43ba830eb2b94d82b) Importer(815301076,1909f56bfc062723c751e8b465ee728b)  -> (artifact id: '975e74e69346e53f3eba0e26e9807fde') in 0.015208 seconds 
  Import took 0.022348 seconds .

========================================================================
Received Import Request.
  Time since last request: 0.000526 seconds.
  path: Assets/Iconos/White/2x/arrowLeft.png
  artifactKey: Guid(bc3feb76c30a1ae449ac698c3452bc9b) Importer(815301076,1909f56bfc062723c751e8b465ee728b)
Start importing Assets/Iconos/White/2x/arrowLeft.png using Guid(bc3feb76c30a1ae449ac698c3452bc9b) Importer(815301076,1909f56bfc062723c751e8b465ee728b)  -> (artifact id: '793a4e7a93cd919ba39bdf9fb96beaa1') in 0.023979 seconds 
  Import took 0.032386 seconds .

========================================================================
Received Import Request.
  Time since last request: 0.000423 seconds.
  path: Assets/Iconos/Black/1x/audioOff.png
  artifactKey: Guid(73f09b2bea9031d40b8782ff6130fd08) Importer(815301076,1909f56bfc062723c751e8b465ee728b)
Start importing Assets/Iconos/Black/1x/audioOff.png using Guid(73f09b2bea9031d40b8782ff6130fd08) Importer(815301076,1909f56bfc062723c751e8b465ee728b)  -> (artifact id: '7ce47adea6b45d5489766c1cc5fc8d9c') in 0.017881 seconds 
  Import took 0.026154 seconds .

========================================================================
Received Import Request.
  Time since last request: 0.000753 seconds.
  path: Assets/Iconos/Black/2x/audioOn.png
  artifactKey: Guid(5ffa310942a24164490afed1a407b4d8) Importer(815301076,1909f56bfc062723c751e8b465ee728b)
Start importing Assets/Iconos/Black/2x/audioOn.png using Guid(5ffa310942a24164490afed1a407b4d8) Importer(815301076,1909f56bfc062723c751e8b465ee728b)  -> (artifact id: 'b5fb82bab0023640cbbaaca91a5a08fc') in 0.080709 seconds 
  Import took 0.100297 seconds .

========================================================================
Received Import Request.
  Time since last request: 0.000712 seconds.
  path: Assets/Iconos/Black/1x/audioOn.png
  artifactKey: Guid(e0d614c4f7fb5ee498bc35c926d5e5ed) Importer(815301076,1909f56bfc062723c751e8b465ee728b)
Start importing Assets/Iconos/Black/1x/audioOn.png using Guid(e0d614c4f7fb5ee498bc35c926d5e5ed) Importer(815301076,1909f56bfc062723c751e8b465ee728b)  -> (artifact id: '6420eac2748062624e2ba8599218ba0e') in 0.020018 seconds 
  Import took 0.033525 seconds .

========================================================================
Received Import Request.
  Time since last request: 0.002233 seconds.
  path: Assets/Iconos/Black/2x/audioOff.png
  artifactKey: Guid(782af7eb5f424934eac4f96c0ce0c772) Importer(815301076,1909f56bfc062723c751e8b465ee728b)
Start importing Assets/Iconos/Black/2x/audioOff.png using Guid(782af7eb5f424934eac4f96c0ce0c772) Importer(815301076,1909f56bfc062723c751e8b465ee728b)  -> (artifact id: 'f0521c569b5c0d184672f451afe6527c') in 0.025730 seconds 
  Import took 0.033426 seconds .

========================================================================
Received Import Request.
  Time since last request: 0.000437 seconds.
  path: Assets/Iconos/Black/2x/arrowUp.png
  artifactKey: Guid(20e2f06156fa5204ca857f729a39b840) Importer(815301076,1909f56bfc062723c751e8b465ee728b)
Start importing Assets/Iconos/Black/2x/arrowUp.png using Guid(20e2f06156fa5204ca857f729a39b840) Importer(815301076,1909f56bfc062723c751e8b465ee728b)  -> (artifact id: 'efd2875691f437b3e9997809193e04d3') in 0.032850 seconds 
  Import took 0.041971 seconds .

========================================================================
Received Import Request.
  Time since last request: 0.000559 seconds.
  path: Assets/Iconos/White/2x/audioOff.png
  artifactKey: Guid(157269a485976dd4189f77ecd50204db) Importer(815301076,1909f56bfc062723c751e8b465ee728b)
Start importing Assets/Iconos/White/2x/audioOff.png using Guid(157269a485976dd4189f77ecd50204db) Importer(815301076,1909f56bfc062723c751e8b465ee728b)  -> (artifact id: 'bf5355cc62f70d8355df20ca102b441e') in 0.033588 seconds 
  Import took 0.044167 seconds .

========================================================================
Received Import Request.
  Time since last request: 0.002594 seconds.
  path: Assets/Iconos/Black/1x/arrowLeft.png
  artifactKey: Guid(0093d32f12377c245bd75055fa722bcc) Importer(815301076,1909f56bfc062723c751e8b465ee728b)
Start importing Assets/Iconos/Black/1x/arrowLeft.png using Guid(0093d32f12377c245bd75055fa722bcc) Importer(815301076,1909f56bfc062723c751e8b465ee728b)  -> (artifact id: 'fe5eb0d03ba84f687b3a5aa4f08c14a0') in 0.036282 seconds 
  Import took 0.045040 seconds .

========================================================================
Received Import Request.
  Time since last request: 6.395097 seconds.
  path: Assets/Animation/label Space de la pantalla inicial.anim
  artifactKey: Guid(3ada0111fbb198a4e9a7839fb45b43ab) Importer(815301076,1909f56bfc062723c751e8b465ee728b)
Start importing Assets/Animation/label Space de la pantalla inicial.anim using Guid(3ada0111fbb198a4e9a7839fb45b43ab) Importer(815301076,1909f56bfc062723c751e8b465ee728b)  -> (artifact id: '57a6abb2aa0d0c9d8742990ab75a54bc') in 0.037155 seconds 
  Import took 0.045084 seconds .

========================================================================
Received Import Request.
  Time since last request: 2.825429 seconds.
  path: Assets/Animation/label Space de la pantalla inicial.anim
  artifactKey: Guid(3ada0111fbb198a4e9a7839fb45b43ab) Importer(815301076,1909f56bfc062723c751e8b465ee728b)
Start importing Assets/Animation/label Space de la pantalla inicial.anim using Guid(3ada0111fbb198a4e9a7839fb45b43ab) Importer(815301076,1909f56bfc062723c751e8b465ee728b)  -> (artifact id: '199cea36dcec5c799f2f3ee8e2a791ae') in 0.007381 seconds 
  Import took 0.014232 seconds .

========================================================================
Received Prepare
Registering precompiled user dll's ...
Registered in 0.009013 seconds.
Begin MonoManager ReloadAssembly
Native extension for WindowsStandalone target not found
Refreshing native plugins compatible for Editor in 0.60 ms, found 2 plugins.
Preloading 0 native plugins for Editor in 0.00 ms.
Mono: successfully reloaded assembly
- Completed reload, in  1.958 seconds
Platform modules already initialized, skipping
Refreshing native plugins compatible for Editor in 0.77 ms, found 2 plugins.
Preloading 0 native plugins for Editor in 0.00 ms.
Unloading 1486 Unused Serialized files (Serialized files now loaded: 0)
System memory in use before: 75.8 MB.
System memory in use after: 75.9 MB.

Unloading 11 unused Assets to reduce memory usage. Loaded Objects now: 1991.
Total: 3.751900 ms (FindLiveObjects: 0.237500 ms CreateObjectMapping: 0.099100 ms MarkObjects: 3.380700 ms  DeleteObjects: 0.032500 ms)

AssetImportParameters requested are different than current active one (requested -> active):
  custom:framework-win-MediaFoundation: 216162199b28c13a410421893ffa2e32 -> 
  custom:video-decoder-ogg-theora: a1e56fd34408186e4bbccfd4996cb3dc -> 
  custom:container-muxer-webm: aa71ff27fc2769a1b78a27578f13a17b -> 
  custom:container-demuxer-webm: 4f35f7cbe854078d1ac9338744f61a02 -> 
  custom:container-demuxer-ogg: 62fdf1f143b41e24485cea50d1cbac27 -> 
  custom:video-encoder-webm-vp8: eb34c28f22e8b96e1ab97ce403110664 -> 
  custom:video-decoder-webm-vp8: 9c59270c3fd7afecdb556c50c9e8de78 -> 
  custom:audio-decoder-ogg-vorbis: bf7c407c2cedff20999df2af8eb42d56 -> 
  custom:audio-encoder-webm-vorbis: bf7c407c2cedff20999df2af8eb42d56 -> 
AssetImportWorkerClient::OnTransportError - code=2 error=End of file
